<?xml version="1.0" encoding="UTF-8"?>
<!-- Generated by org.testng.reporters.JUnitReportReporter -->
<testsuite hostname="WIN-FO8P8688G06" failures="0" tests="1" name="com.example.AppTest" time="0.217" errors="0" timestamp="2025-09-23T19:11:24 IST" skipped="0">
  <testcase classname="com.example.AppTest" name="testAddition" time="0.217"/>
  <system-out/>
</testsuite> <!-- com.example.AppTest -->
